<?xml version="1.0" encoding="UTF-8"?>
<!-- Generated by org.testng.reporters.JUnitReportReporter -->
<testsuite hostname="COREPW0CFCW7" failures="0" tests="2" name="Steaphenrahul.SubmitOrdertest" time="16.033" errors="0" timestamp="2024-11-19T19:00:53 IST" skipped="0">
  <testcase classname="Steaphenrahul.SubmitOrdertest" name="submitorder" time="7.801"/>
  <testcase classname="Steaphenrahul.SubmitOrdertest" name="submitorder" time="8.232"/>
</testsuite> <!-- Steaphenrahul.SubmitOrdertest -->
