<?xml version="1.0" encoding="UTF-8"?>
<!-- Generated by org.testng.reporters.JUnitReportReporter -->
<testsuite hostname="COREPW0CFCW7" failures="0" tests="1" name="Steaphenrahul.errorValidations" time="4.315" errors="0" timestamp="2024-11-05T12:32:17 IST" skipped="0">
  <testcase classname="Steaphenrahul.errorValidations" name="submitorder" time="4.315"/>
</testsuite> <!-- Steaphenrahul.errorValidations -->
